# JRE version: Java(TM) SE Runtime Environment 18.9 (11.0.14+8) (build 11.0.14+8-LTS-263)
# Java VM: Java HotSpot(TM) 64-Bit Server VM 18.9 (11.0.14+8-LTS-263, mixed mode, tiered, compressed oops, g1 gc, windows-amd64)
Heap:
 garbage-first heap   total 134144K, used 131738K [0x0000000083400000, 0x0000000100000000)
  region size 1024K, 6 young (6144K), 1 survivors (1024K)
 Metaspace       used 16779K, capacity 17254K, committed 17408K, reserved 1064960K
  class space    used 1720K, capacity 1932K, committed 2048K, reserved 1048576K
GC Heap History (10 events):
Event: 96.952 GC heap after
{Heap after GC invocations=114 (full 0):
 garbage-first heap   total 131072K, used 124706K [0x0000000083400000, 0x0000000100000000)
  region size 1024K, 1 young (1024K), 1 survivors (1024K)
 Metaspace       used 16766K, capacity 17190K, committed 17408K, reserved 1064960K
  class space    used 1720K, capacity 1932K, committed 2048K, reserved 1048576K
}
Event: 101.252 GC heap before
{Heap before GC invocations=114 (full 0):
 garbage-first heap   total 131072K, used 129826K [0x0000000083400000, 0x0000000100000000)
  region size 1024K, 6 young (6144K), 1 survivors (1024K)
 Metaspace       used 16766K, capacity 17190K, committed 17408K, reserved 1064960K
  class space    used 1720K, capacity 1932K, committed 2048K, reserved 1048576K
}
Event: 101.255 GC heap after
{Heap after GC invocations=115 (full 0):
 garbage-first heap   total 132096K, used 125233K [0x0000000083400000, 0x0000000100000000)
  region size 1024K, 1 young (1024K), 1 survivors (1024K)
 Metaspace       used 16766K, capacity 17190K, committed 17408K, reserved 1064960K
  class space    used 1720K, capacity 1932K, committed 2048K, reserved 1048576K
}
Event: 102.925 GC heap before
{Heap before GC invocations=116 (full 0):
 garbage-first heap   total 132096K, used 130353K [0x0000000083400000, 0x0000000100000000)
  region size 1024K, 6 young (6144K), 1 survivors (1024K)
 Metaspace       used 16773K, capacity 17254K, committed 17408K, reserved 1064960K
  class space    used 1720K, capacity 1932K, committed 2048K, reserved 1048576K
}
Event: 102.926 GC heap after
{Heap after GC invocations=117 (full 0):
 garbage-first heap   total 132096K, used 125640K [0x0000000083400000, 0x0000000100000000)
  region size 1024K, 1 young (1024K), 1 survivors (1024K)
 Metaspace       used 16773K, capacity 17254K, committed 17408K, reserved 1064960K
  class space    used 1720K, capacity 1932K, committed 2048K, reserved 1048576K
}
Event: 103.500 GC heap before
{Heap before GC invocations=117 (full 0):
 garbage-first heap   total 132096K, used 130760K [0x0000000083400000, 0x0000000100000000)
  region size 1024K, 6 young (6144K), 1 survivors (1024K)
 Metaspace       used 16773K, capacity 17254K, committed 17408K, reserved 1064960K
  class space    used 1720K, capacity 1932K, committed 2048K, reserved 1048576K
}
Event: 103.501 GC heap after
{Heap after GC invocations=118 (full 0):
 garbage-first heap   total 133120K, used 126116K [0x0000000083400000, 0x0000000100000000)
  region size 1024K, 1 young (1024K), 1 survivors (1024K)
 Metaspace       used 16773K, capacity 17254K, committed 17408K, reserved 1064960K
  class space    used 1720K, capacity 1932K, committed 2048K, reserved 1048576K
}
Event: 103.911 GC heap before
{Heap before GC invocations=119 (full 0):
 garbage-first heap   total 133120K, used 131236K [0x0000000083400000, 0x0000000100000000)
  region size 1024K, 6 young (6144K), 1 survivors (1024K)
 Metaspace       used 16773K, capacity 17254K, committed 17408K, reserved 1064960K
  class space    used 1720K, capacity 1932K, committed 2048K, reserved 1048576K
}
Event: 103.912 GC heap after
{Heap after GC invocations=120 (full 0):
 garbage-first heap   total 133120K, used 126618K [0x0000000083400000, 0x0000000100000000)
  region size 1024K, 1 young (1024K), 1 survivors (1024K)
 Metaspace       used 16773K, capacity 17254K, committed 17408K, reserved 1064960K
  class space    used 1720K, capacity 1932K, committed 2048K, reserved 1048576K
}
Event: 104.322 GC heap before
{Heap before GC invocations=120 (full 0):
 garbage-first heap   total 133120K, used 131738K [0x0000000083400000, 0x0000000100000000)
  region size 1024K, 6 young (6144K), 1 survivors (1024K)
 Metaspace       used 16779K, capacity 17254K, committed 17408K, reserved 1064960K
  class space    used 1720K, capacity 1932K, committed 2048K, reserved 1048576K
}

