# JRE version: Java(TM) SE Runtime Environment 18.9 (11.0.14+8) (build 11.0.14+8-LTS-263)
# Java VM: Java HotSpot(TM) 64-Bit Server VM 18.9 (11.0.14+8-LTS-263, mixed mode, tiered, compressed oops, g1 gc, windows-amd64)
Heap:
 garbage-first heap   total 829440K, used 262669K [0x0000000083400000, 0x0000000100000000)
  region size 1024K, 2 young (2048K), 2 survivors (2048K)
 Metaspace       used 16317K, capacity 16771K, committed 17024K, reserved 1064960K
  class space    used 1694K, capacity 1901K, committed 1920K, reserved 1048576K
GC Heap History (10 events):
Event: 96.686 GC heap after
{Heap after GC invocations=68 (full 0):
 garbage-first heap   total 257024K, used 244605K [0x0000000083400000, 0x0000000100000000)
  region size 1024K, 2 young (2048K), 2 survivors (2048K)
 Metaspace       used 16317K, capacity 16771K, committed 17024K, reserved 1064960K
  class space    used 1694K, capacity 1901K, committed 1920K, reserved 1048576K
}
Event: 96.688 GC heap before
{Heap before GC invocations=68 (full 0):
 garbage-first heap   total 257024K, used 254845K [0x0000000083400000, 0x0000000100000000)
  region size 1024K, 12 young (12288K), 2 survivors (2048K)
 Metaspace       used 16317K, capacity 16771K, committed 17024K, reserved 1064960K
  class space    used 1694K, capacity 1901K, committed 1920K, reserved 1048576K
}
Event: 96.691 GC heap after
{Heap after GC invocations=69 (full 0):
 garbage-first heap   total 262144K, used 249236K [0x0000000083400000, 0x0000000100000000)
  region size 1024K, 2 young (2048K), 2 survivors (2048K)
 Metaspace       used 16317K, capacity 16771K, committed 17024K, reserved 1064960K
  class space    used 1694K, capacity 1901K, committed 1920K, reserved 1048576K
}
Event: 96.692 GC heap before
{Heap before GC invocations=69 (full 0):
 garbage-first heap   total 262144K, used 259476K [0x0000000083400000, 0x0000000100000000)
  region size 1024K, 12 young (12288K), 2 survivors (2048K)
 Metaspace       used 16317K, capacity 16771K, committed 17024K, reserved 1064960K
  class space    used 1694K, capacity 1901K, committed 1920K, reserved 1048576K
}
Event: 96.696 GC heap after
{Heap after GC invocations=70 (full 0):
 garbage-first heap   total 266240K, used 253842K [0x0000000083400000, 0x0000000100000000)
  region size 1024K, 2 young (2048K), 2 survivors (2048K)
 Metaspace       used 16317K, capacity 16771K, committed 17024K, reserved 1064960K
  class space    used 1694K, capacity 1901K, committed 1920K, reserved 1048576K
}
Event: 96.701 GC heap before
{Heap before GC invocations=70 (full 0):
 garbage-first heap   total 266240K, used 265106K [0x0000000083400000, 0x0000000100000000)
  region size 1024K, 13 young (13312K), 2 survivors (2048K)
 Metaspace       used 16317K, capacity 16771K, committed 17024K, reserved 1064960K
  class space    used 1694K, capacity 1901K, committed 1920K, reserved 1048576K
}
Event: 96.704 GC heap after
{Heap after GC invocations=71 (full 0):
 garbage-first heap   total 270336K, used 257024K [0x0000000083400000, 0x0000000100000000)
  region size 1024K, 2 young (2048K), 2 survivors (2048K)
 Metaspace       used 16317K, capacity 16771K, committed 17024K, reserved 1064960K
  class space    used 1694K, capacity 1901K, committed 1920K, reserved 1048576K
}
Event: 96.716 GC heap before
{Heap before GC invocations=71 (full 0):
 garbage-first heap   total 270336K, used 268288K [0x0000000083400000, 0x0000000100000000)
  region size 1024K, 13 young (13312K), 2 survivors (2048K)
 Metaspace       used 16317K, capacity 16771K, committed 17024K, reserved 1064960K
  class space    used 1694K, capacity 1901K, committed 1920K, reserved 1048576K
}
Event: 96.718 GC heap after
{Heap after GC invocations=72 (full 0):
 garbage-first heap   total 272384K, used 257577K [0x0000000083400000, 0x0000000100000000)
  region size 1024K, 1 young (1024K), 1 survivors (1024K)
 Metaspace       used 16317K, capacity 16771K, committed 17024K, reserved 1064960K
  class space    used 1694K, capacity 1901K, committed 1920K, reserved 1048576K
}
Event: 98.150 GC heap before
{Heap before GC invocations=73 (full 0):
 garbage-first heap   total 272384K, used 269865K [0x0000000083400000, 0x0000000100000000)
  region size 1024K, 13 young (13312K), 1 survivors (1024K)
 Metaspace       used 16317K, capacity 16771K, committed 17024K, reserved 1064960K
  class space    used 1694K, capacity 1901K, committed 1920K, reserved 1048576K
}

